<?xml version="1.0" encoding="UTF-8"?>
<testsuite name="com.mihir.caretakerapp.ExampleUnitTest" tests="1" skipped="0" failures="0" errors="0" timestamp="2025-08-24T07:34:50" hostname="MIHIR-PC" time="0.003">
  <properties/>
  <testcase name="addition_isCorrect" classname="com.mihir.caretakerapp.ExampleUnitTest" time="0.003"/>
  <system-out><![CDATA[]]></system-out>
  <system-err><![CDATA[]]></system-err>
</testsuite>
